<?xml version="1.0" encoding="UTF-8"?>
<!-- Generated by org.testng.reporters.JUnitReportReporter -->
<testsuite skipped="0" hostname="DESKTOP-5RGC7S8" name="Test.NewTest" tests="1" failures="0" timestamp="2020-04-25T10:54:58 IST" time="0.011" errors="0">
  <testcase name="f" time="0.011" classname="Test.NewTest"/>
  <system-out/>
</testsuite> <!-- Test.NewTest -->
